<?xml version="1.0" encoding="UTF-8"?>
<testsuite name="hobby.AppTest" tests="1" skipped="0" failures="0" errors="0" timestamp="2022-06-05T20:35:09" hostname="LAPTOP-DKCCLTBJ" time="0.016">
  <properties/>
  <testcase name="appHasAGreeting()" classname="hobby.AppTest" time="0.016"/>
  <system-out><![CDATA[]]></system-out>
  <system-err><![CDATA[]]></system-err>
</testsuite>
